<?xml version="1.0" encoding="UTF-8"?>
<!-- Generated by org.testng.reporters.JUnitXMLReporter -->
<testsuite hostname="SuSl" name="Default test" tests="6" failures="0" timestamp="1 Mar 2015 23:53:09 GMT" time="22.808" errors="0">
  <testcase name="testEmptyGroupCreation" time="2.047" classname="com.example.tests.GroupCreationTests"/>
  <testcase name="testNonEmptyGroupCreation" time="2.493" classname="com.example.tests.GroupCreationTests"/>
  <testcase name="testEmptyGroupCreation" time="1.791" classname="com.example.tests.AlsoGroupCreationTests"/>
  <testcase name="testNonEmptyGroupCreation" time="1.856" classname="com.example.tests.AlsoGroupCreationTests"/>
  <testcase name="testEmptyAddNewCreation" time="4.269" classname="com.example.tests.ZANew"/>
  <testcase name="testNonEmptyAddNewCreation" time="4.717" classname="com.example.tests.ZANew"/>
</testsuite> <!-- Default test -->
