<?xml version="1.0" encoding="UTF-8"?>
<!-- Generated by org.testng.reporters.JUnitXMLReporter -->
<testsuite hostname="SuSl" name="Default test" tests="4" failures="0" timestamp="23 Feb 2015 12:36:46 GMT" time="14.879" errors="0">
  <testcase name="testEmptyGroupCreation" time="2.219" classname="com.example.tests.GroupCreationTests"/>
  <testcase name="testNonEmptyGroupCreation" time="2.487" classname="com.example.tests.GroupCreationTests"/>
  <testcase name="testEmptyGroupCreation" time="1.741" classname="com.example.tests.AlsoGroupCreationTests"/>
  <testcase name="testNonEmptyGroupCreation" time="1.809" classname="com.example.tests.AlsoGroupCreationTests"/>
</testsuite> <!-- Default test -->
