<?xml version="1.0" encoding="UTF-8"?>
<testng-results skipped="0" failed="0" total="6" passed="6">
  <reporter-output>
  </reporter-output>
  <suite name="Default suite" duration-ms="22808" started-at="2015-03-01T23:52:47Z" finished-at="2015-03-01T23:53:09Z">
    <groups>
    </groups>
    <test name="Default test" duration-ms="22808" started-at="2015-03-01T23:52:47Z" finished-at="2015-03-01T23:53:09Z">
      <class name="com.example.tests.ZANew">
        <test-method status="PASS" signature="testEmptyAddNewCreation()[pri:0, instance:com.example.tests.ZANew@483bf400]" name="testEmptyAddNewCreation" duration-ms="4269" started-at="2015-03-02T02:53:00Z" finished-at="2015-03-02T02:53:05Z">
          <reporter-output>
          </reporter-output>
        </test-method> <!-- testEmptyAddNewCreation -->
        <test-method status="PASS" signature="testNonEmptyAddNewCreation()[pri:0, instance:com.example.tests.ZANew@483bf400]" name="testNonEmptyAddNewCreation" duration-ms="4717" started-at="2015-03-02T02:53:05Z" finished-at="2015-03-02T02:53:09Z">
          <reporter-output>
          </reporter-output>
        </test-method> <!-- testNonEmptyAddNewCreation -->
      </class> <!-- com.example.tests.ZANew -->
      <class name="com.example.tests.TestBase">
        <test-method status="PASS" signature="setUp()[pri:0, instance:com.example.tests.TestBase@50cbc42f]" name="setUp" is-config="true" duration-ms="5388" started-at="2015-03-02T02:52:47Z" finished-at="2015-03-02T02:52:52Z">
          <reporter-output>
          </reporter-output>
        </test-method> <!-- setUp -->
        <test-method status="PASS" signature="tearDown()[pri:0, instance:com.example.tests.TestBase@50cbc42f]" name="tearDown" is-config="true" duration-ms="234" started-at="2015-03-02T02:53:09Z" finished-at="2015-03-02T02:53:09Z">
          <reporter-output>
          </reporter-output>
        </test-method> <!-- tearDown -->
      </class> <!-- com.example.tests.TestBase -->
      <class name="com.example.tests.AlsoGroupCreationTests">
        <test-method status="PASS" signature="testEmptyGroupCreation()[pri:0, instance:com.example.tests.AlsoGroupCreationTests@64c64813]" name="testEmptyGroupCreation" duration-ms="1791" started-at="2015-03-02T02:52:57Z" finished-at="2015-03-02T02:52:58Z">
          <reporter-output>
          </reporter-output>
        </test-method> <!-- testEmptyGroupCreation -->
        <test-method status="PASS" signature="testNonEmptyGroupCreation()[pri:0, instance:com.example.tests.AlsoGroupCreationTests@64c64813]" name="testNonEmptyGroupCreation" duration-ms="1856" started-at="2015-03-02T02:52:58Z" finished-at="2015-03-02T02:53:00Z">
          <reporter-output>
          </reporter-output>
        </test-method> <!-- testNonEmptyGroupCreation -->
      </class> <!-- com.example.tests.AlsoGroupCreationTests -->
      <class name="com.example.tests.GroupCreationTests">
        <test-method status="PASS" signature="testEmptyGroupCreation()[pri:0, instance:com.example.tests.GroupCreationTests@3ecf72fd]" name="testEmptyGroupCreation" duration-ms="2047" started-at="2015-03-02T02:52:52Z" finished-at="2015-03-02T02:52:54Z">
          <reporter-output>
          </reporter-output>
        </test-method> <!-- testEmptyGroupCreation -->
        <test-method status="PASS" signature="testNonEmptyGroupCreation()[pri:0, instance:com.example.tests.GroupCreationTests@3ecf72fd]" name="testNonEmptyGroupCreation" duration-ms="2493" started-at="2015-03-02T02:52:54Z" finished-at="2015-03-02T02:52:57Z">
          <reporter-output>
          </reporter-output>
        </test-method> <!-- testNonEmptyGroupCreation -->
      </class> <!-- com.example.tests.GroupCreationTests -->
    </test> <!-- Default test -->
  </suite> <!-- Default suite -->
</testng-results>
